Build started 17/04/2016 22:22:02.
     1>Project "C:\Users\James\Documents\Visual Studio 2013\Projects\Cloth Simulation\Cloth Simulation\Cloth Simulation.vcxproj" on node 2 (Build target(s)).
     1>ClCompile:
         C:\Program Files (x86)\Microsoft Visual Studio 12.0\VC\bin\CL.exe /c /I"C:\Users\James\Documents\Visual Studio 2013\glew-1.11.0\include" /I"C:\Users\James\Documents\Visual Studio 2013\freeglut\include" /I"C:\Users\James\Documents\Visual Studio 2013\SOIL\src" /ZI /nologo /W3 /WX- /sdl /Od /Oy- /D _CRT_SECURE_NO_WARNINGS /D _MBCS /Gm /EHsc /RTC1 /MDd /GS /fp:precise /Zc:wchar_t /Zc:forScope /Fo"Debug\\" /Fd"Debug\vc120.pdb" /Gd /TP /analyze- /errorReport:prompt main.cpp
         main.cpp
     1>c:\users\james\documents\visual studio 2013\projects\cloth simulation\cloth simulation\main.cpp(6): warning C4244: 'argument' : conversion from 'float' to 'GLsizei', possible loss of data
     1>c:\users\james\documents\visual studio 2013\projects\cloth simulation\cloth simulation\main.cpp(418): warning C4244: 'argument' : conversion from 'float' to 'int', possible loss of data
       Link:
         C:\Program Files (x86)\Microsoft Visual Studio 12.0\VC\bin\link.exe /ERRORREPORT:PROMPT /OUT:"C:\Users\James\Documents\Visual Studio 2013\Projects\Cloth Simulation\Debug\Cloth Simulation.exe" /INCREMENTAL /NOLOGO /LIBPATH:"C:\Users\James\Documents\Visual Studio 2013\glew-1.11.0\lib" /LIBPATH:"C:\Users\James\Documents\Visual Studio 2013\freeglut\lib" /LIBPATH:"C:\Users\James\Documents\Visual Studio 2013\SOIL\lib" SOIL.lib glew32.lib opengl32.lib freeglut.lib kernel32.lib user32.lib gdi32.lib winspool.lib comdlg32.lib advapi32.lib shell32.lib ole32.lib oleaut32.lib uuid.lib odbc32.lib odbccp32.lib /MANIFEST /MANIFESTUAC:"level='asInvoker' uiAccess='false'" /manifest:embed /DEBUG /PDB:"C:\Users\James\Documents\Visual Studio 2013\Projects\Cloth Simulation\Debug\Cloth Simulation.pdb" /TLBID:1 /DYNAMICBASE /NXCOMPAT /IMPLIB:"C:\Users\James\Documents\Visual Studio 2013\Projects\Cloth Simulation\Debug\Cloth Simulation.lib" /MACHINE:X86 Debug\Colour.obj
         Debug\main.obj
         Debug\Vector3D.obj
         Debug\Vector4D.obj
         SOIL.lib(SOIL.obj) : MSIL .netmodule or module compiled with /GL found; restarting link with /LTCG; add /LTCG to the link command line to improve linker performance
     1>LINK : warning LNK4075: ignoring '/INCREMENTAL' due to '/LTCG' specification
     1>Colour.obj : warning LNK4075: ignoring '/EDITANDCONTINUE' due to '/OPT:LBR' specification
     1>LINK : warning LNK4098: defaultlib 'MSVCRT' conflicts with use of other libs; use /NODEFAULTLIB:library
         Generating code
         Finished generating code
         Cloth Simulation.vcxproj -> C:\Users\James\Documents\Visual Studio 2013\Projects\Cloth Simulation\Debug\Cloth Simulation.exe
     1>Done Building Project "C:\Users\James\Documents\Visual Studio 2013\Projects\Cloth Simulation\Cloth Simulation\Cloth Simulation.vcxproj" (Build target(s)).

Build succeeded.

Time Elapsed 00:00:02.21
